<?xml version="1.0" encoding="UTF-8"?>
<!-- Generated by org.testng.reporters.JUnitReportReporter -->
<testsuite hostname="Kishlay" name="mobileWeb.Mobile_HousejoyBeautyPageTest_17" tests="5" failures="0" timestamp="18 Nov 2015 10:25:16 GMT" time="65.382" errors="0">
  <testcase name="testLeadMasterTableValidation" time="7.122" classname="mobileWeb.Mobile_HousejoyBeautyPageTest_17"/>
  <testcase name="testHousejoyBeautyBookPage" time="32.631" classname="mobileWeb.Mobile_HousejoyBeautyPageTest_17"/>
  <testcase name="testVerifyHousejoyBeautyThankUPageData" time="6.622" classname="mobileWeb.Mobile_HousejoyBeautyPageTest_17"/>
  <testcase name="testHousejoyBeautyLandingPage" time="15.169" classname="mobileWeb.Mobile_HousejoyBeautyPageTest_17"/>
  <testcase name="testHousejoyBeautySemTrackingTable" time="3.838" classname="mobileWeb.Mobile_HousejoyBeautyPageTest_17"/>
</testsuite> <!-- mobileWeb.Mobile_HousejoyBeautyPageTest_17 -->
