<?xml version="1.0" encoding="UTF-8"?>
<!-- Generated by org.testng.reporters.JUnitReportReporter -->
<testsuite hostname="Kishlay" name="testNG.HousejoyCarpentryPageTest" tests="5" failures="0" timestamp="18 Nov 2015 11:07:54 GMT" time="25.922" errors="0">
  <testcase name="testVerifyHousejoyCarpentryThankUPageData" time="2.936" classname="testNG.HousejoyCarpentryPageTest"/>
  <testcase name="testHousejoyCarpentryBookPage" time="5.817" classname="testNG.HousejoyCarpentryPageTest"/>
  <testcase name="testHousejoySemTrackingTable" time="4.060" classname="testNG.HousejoyCarpentryPageTest"/>
  <testcase name="testLeadMasterTableValidation" time="1.815" classname="testNG.HousejoyCarpentryPageTest"/>
  <testcase name="testHousejoyCarpentryLandingPage" time="11.294" classname="testNG.HousejoyCarpentryPageTest"/>
</testsuite> <!-- testNG.HousejoyCarpentryPageTest -->
