<?xml version="1.0" encoding="UTF-8"?>
<!-- Generated by org.testng.reporters.JUnitReportReporter -->
<testsuite hostname="Kishlay" name="mobileWeb.Mobile_HousejoyBeautyPageTest_14" tests="5" failures="0" timestamp="18 Nov 2015 09:58:06 GMT" time="78.679" errors="0">
  <testcase name="testLeadMasterTableValidation" time="4.556" classname="mobileWeb.Mobile_HousejoyBeautyPageTest_14"/>
  <testcase name="testHousejoyBeautyBookPage" time="29.093" classname="mobileWeb.Mobile_HousejoyBeautyPageTest_14"/>
  <testcase name="testHousejoyBeautyLandingPage" time="36.927" classname="mobileWeb.Mobile_HousejoyBeautyPageTest_14"/>
  <testcase name="testHousejoyBeautySemTrackingTable" time="3.690" classname="mobileWeb.Mobile_HousejoyBeautyPageTest_14"/>
  <testcase name="testVerifyHousejoyBeautyThankUPageData" time="4.413" classname="mobileWeb.Mobile_HousejoyBeautyPageTest_14"/>
</testsuite> <!-- mobileWeb.Mobile_HousejoyBeautyPageTest_14 -->
