<?xml version="1.0" encoding="UTF-8"?>
<!-- Generated by org.testng.reporters.JUnitReportReporter -->
<testsuite hostname="Kishlay" name="mobileWeb.Mobile_HousejoyBeautyPageTest_9" tests="5" failures="0" timestamp="18 Nov 2015 10:28:30 GMT" time="58.724" errors="0">
  <testcase name="testLeadMasterTableValidation" time="4.158" classname="mobileWeb.Mobile_HousejoyBeautyPageTest_9"/>
  <testcase name="testHousejoyBeautyBookPage" time="24.780" classname="mobileWeb.Mobile_HousejoyBeautyPageTest_9"/>
  <testcase name="testHousejoyBeautySemTrackingTable" time="6.085" classname="mobileWeb.Mobile_HousejoyBeautyPageTest_9"/>
  <testcase name="testVerifyHousejoyBeautyThankUPageData" time="5.431" classname="mobileWeb.Mobile_HousejoyBeautyPageTest_9"/>
  <testcase name="testHousejoyBeautyLandingPage" time="18.270" classname="mobileWeb.Mobile_HousejoyBeautyPageTest_9"/>
</testsuite> <!-- mobileWeb.Mobile_HousejoyBeautyPageTest_9 -->
