<?xml version="1.0" encoding="UTF-8"?>
<!-- Generated by org.testng.reporters.JUnitReportReporter -->
<testsuite hostname="Kishlay" name="mobileWeb.Mobile_HousejoyComputerRepairPageTest_laptopRepair_1" tests="5" failures="0" timestamp="18 Nov 2015 13:03:05 GMT" time="72.856" errors="0">
  <testcase name="testVerifyComputerReairThankUPageData" time="4.139" classname="mobileWeb.Mobile_HousejoyComputerRepairPageTest_laptopRepair_1"/>
  <testcase name="testLeadMasterTableValidation" time="5.582" classname="mobileWeb.Mobile_HousejoyComputerRepairPageTest_laptopRepair_1"/>
  <testcase name="testHousejoyPlumbingSemTrackingTable" time="9.533" classname="mobileWeb.Mobile_HousejoyComputerRepairPageTest_laptopRepair_1"/>
  <testcase name="testComputerRepairLandingPage" time="19.410" classname="mobileWeb.Mobile_HousejoyComputerRepairPageTest_laptopRepair_1"/>
  <testcase name="testComputerRepairBookingPage" time="34.192" classname="mobileWeb.Mobile_HousejoyComputerRepairPageTest_laptopRepair_1"/>
</testsuite> <!-- mobileWeb.Mobile_HousejoyComputerRepairPageTest_laptopRepair_1 -->
