<?xml version="1.0" encoding="UTF-8"?>
<!-- Generated by org.testng.reporters.JUnitReportReporter -->
<testsuite hostname="Kishlay" name="mobileWeb.Mobile_HousejoyAppliancesPageTest_2" tests="5" failures="0" timestamp="18 Nov 2015 10:22:52 GMT" time="77.868" errors="0">
  <testcase name="testApplianceBookingPage" time="37.757" classname="mobileWeb.Mobile_HousejoyAppliancesPageTest_2"/>
  <testcase name="testHousejoySemTrackingTable" time="4.266" classname="mobileWeb.Mobile_HousejoyAppliancesPageTest_2"/>
  <testcase name="testLeadMasterTableValidation" time="7.712" classname="mobileWeb.Mobile_HousejoyAppliancesPageTest_2"/>
  <testcase name="testApplianceLandingPage" time="23.063" classname="mobileWeb.Mobile_HousejoyAppliancesPageTest_2"/>
  <testcase name="testVerifyApplianceThankUPageData" time="5.070" classname="mobileWeb.Mobile_HousejoyAppliancesPageTest_2"/>
</testsuite> <!-- mobileWeb.Mobile_HousejoyAppliancesPageTest_2 -->
