<?xml version="1.0" encoding="UTF-8"?>
<!-- Generated by org.testng.reporters.JUnitReportReporter -->
<testsuite hostname="Kishlay" name="mobileWeb.Moblie_HousejoyComputerRepairPageTest" tests="5" failures="0" timestamp="18 Nov 2015 13:12:56 GMT" time="53.156" errors="0">
  <testcase name="testComputerRepairBookingPage" time="17.422" classname="mobileWeb.Moblie_HousejoyComputerRepairPageTest"/>
  <testcase name="testLeadMasterTableValidation" time="3.591" classname="mobileWeb.Moblie_HousejoyComputerRepairPageTest"/>
  <testcase name="testHousejoyPlumbingSemTrackingTable" time="9.032" classname="mobileWeb.Moblie_HousejoyComputerRepairPageTest"/>
  <testcase name="testVerifyComputerReairThankUPageData" time="3.937" classname="mobileWeb.Moblie_HousejoyComputerRepairPageTest"/>
  <testcase name="testComputerRepairLandingPage" time="19.174" classname="mobileWeb.Moblie_HousejoyComputerRepairPageTest"/>
</testsuite> <!-- mobileWeb.Moblie_HousejoyComputerRepairPageTest -->
