<?xml version="1.0" encoding="UTF-8"?>
<!-- Generated by org.testng.reporters.JUnitReportReporter -->
<testsuite hostname="Kishlay" name="testNG.HousejoyElectricalPageTest" tests="5" failures="0" timestamp="18 Nov 2015 11:52:13 GMT" time="21.879" errors="0">
  <testcase name="testHousejoyElectricalBookPage" time="5.891" classname="testNG.HousejoyElectricalPageTest"/>
  <testcase name="testHousejoySemTrackingTable" time="3.800" classname="testNG.HousejoyElectricalPageTest"/>
  <testcase name="testVerifyHousejoyElectricalThankUPageData" time="2.124" classname="testNG.HousejoyElectricalPageTest"/>
  <testcase name="testLeadMasterTableValidation" time="1.947" classname="testNG.HousejoyElectricalPageTest"/>
  <testcase name="testHousejoyElectricalLandingPage" time="8.117" classname="testNG.HousejoyElectricalPageTest"/>
</testsuite> <!-- testNG.HousejoyElectricalPageTest -->
