<?xml version="1.0" encoding="UTF-8"?>
<!-- Generated by org.testng.reporters.JUnitReportReporter -->
<testsuite hostname="Kishlay" name="mobileWeb.Mobile_HousejoyFitnessPageTest_4" tests="5" failures="0" timestamp="18 Nov 2015 14:00:09 GMT" time="51.369" errors="0">
  <testcase name="testHousejoyFitnessLandingPage" time="15.513" classname="mobileWeb.Mobile_HousejoyFitnessPageTest_4"/>
  <testcase name="testLeadMasterTableValidation" time="3.725" classname="mobileWeb.Mobile_HousejoyFitnessPageTest_4"/>
  <testcase name="testHousejoyFitnessBookPage" time="15.051" classname="mobileWeb.Mobile_HousejoyFitnessPageTest_4"/>
  <testcase name="testVerifyHousejoyFitnessThankUPageData" time="7.912" classname="mobileWeb.Mobile_HousejoyFitnessPageTest_4"/>
  <testcase name="testHousejoySemTrackingTable" time="9.168" classname="mobileWeb.Mobile_HousejoyFitnessPageTest_4"/>
</testsuite> <!-- mobileWeb.Mobile_HousejoyFitnessPageTest_4 -->
