<?xml version="1.0" encoding="UTF-8"?>
<!-- Generated by org.testng.reporters.JUnitReportReporter -->
<testsuite hostname="Kishlay" name="mobileWeb.Mobile_HousejoyServiceLaptopRepairPageTest" tests="5" failures="0" timestamp="20 Nov 2015 07:25:27 GMT" time="63.233" errors="0">
  <testcase name="testVerifyComputerReairThankUPageData" time="4.005" classname="mobileWeb.Mobile_HousejoyServiceLaptopRepairPageTest"/>
  <testcase name="testLeadMasterTableValidation" time="5.365" classname="mobileWeb.Mobile_HousejoyServiceLaptopRepairPageTest"/>
  <testcase name="testHousejoyPlumbingSemTrackingTable" time="13.570" classname="mobileWeb.Mobile_HousejoyServiceLaptopRepairPageTest"/>
  <testcase name="testComputerRepairLandingPage" time="19.001" classname="mobileWeb.Mobile_HousejoyServiceLaptopRepairPageTest"/>
  <testcase name="testComputerRepairBookingPage" time="21.292" classname="mobileWeb.Mobile_HousejoyServiceLaptopRepairPageTest"/>
</testsuite> <!-- mobileWeb.Mobile_HousejoyServiceLaptopRepairPageTest -->
