<?xml version="1.0" encoding="UTF-8"?>
<!-- Generated by org.testng.reporters.JUnitReportReporter -->
<testsuite hostname="Kishlay" name="mobileWeb.Mobile_HousejoyBeautyPageTest" tests="5" failures="0" timestamp="18 Nov 2015 10:57:45 GMT" time="60.049" errors="0">
  <testcase name="testVerifyHousejoyBeautyThankUPageData" time="5.297" classname="mobileWeb.Mobile_HousejoyBeautyPageTest"/>
  <testcase name="testHousejoyBeautyLandingPage" time="23.671" classname="mobileWeb.Mobile_HousejoyBeautyPageTest"/>
  <testcase name="testHousejoyBeautySemTrackingTable" time="3.766" classname="mobileWeb.Mobile_HousejoyBeautyPageTest"/>
  <testcase name="testHousejoyBeautyBookPage" time="23.581" classname="mobileWeb.Mobile_HousejoyBeautyPageTest"/>
  <testcase name="testLeadMasterTableValidation" time="3.734" classname="mobileWeb.Mobile_HousejoyBeautyPageTest"/>
</testsuite> <!-- mobileWeb.Mobile_HousejoyBeautyPageTest -->
