<?xml version="1.0" encoding="UTF-8"?>
<!-- Generated by org.testng.reporters.JUnitReportReporter -->
<testsuite hostname="Kishlay" name="mobileWeb.Mobile_HousejoyHomeCleaningPageTest" tests="5" failures="0" timestamp="18 Nov 2015 14:15:48 GMT" time="67.601" errors="0">
  <testcase name="testVerifyHousejoyHomeCleaningThankUPageData" time="4.246" classname="mobileWeb.Mobile_HousejoyHomeCleaningPageTest"/>
  <testcase name="testHousejoyHomeCleaningLandingPage" time="25.844" classname="mobileWeb.Mobile_HousejoyHomeCleaningPageTest"/>
  <testcase name="testHousejoySemTrackingTable" time="9.440" classname="mobileWeb.Mobile_HousejoyHomeCleaningPageTest"/>
  <testcase name="testHousejoyHomeCleaningBookPage" time="24.131" classname="mobileWeb.Mobile_HousejoyHomeCleaningPageTest"/>
  <testcase name="testLeadMasterTableValidation" time="3.940" classname="mobileWeb.Mobile_HousejoyHomeCleaningPageTest"/>
</testsuite> <!-- mobileWeb.Mobile_HousejoyHomeCleaningPageTest -->
