<?xml version="1.0" encoding="UTF-8"?>
<!-- Generated by org.testng.reporters.JUnitReportReporter -->
<testsuite hostname="Kishlay" name="testNG.HousejoyBeautyPageTest_13" tests="5" failures="0" timestamp="18 Nov 2015 09:09:37 GMT" time="22.460" errors="0">
  <testcase name="testHousejoyBeautyBookPage" time="6.215" classname="testNG.HousejoyBeautyPageTest_13"/>
  <testcase name="testHousejoyBeautyLandingPage" time="8.361" classname="testNG.HousejoyBeautyPageTest_13"/>
  <testcase name="testHousejoyBeautySemTrackingTable" time="4.085" classname="testNG.HousejoyBeautyPageTest_13"/>
  <testcase name="testVerifyHousejoyBeautyThankUPageData" time="2.010" classname="testNG.HousejoyBeautyPageTest_13"/>
  <testcase name="testLeadMasterTableValidation" time="1.789" classname="testNG.HousejoyBeautyPageTest_13"/>
</testsuite> <!-- testNG.HousejoyBeautyPageTest_13 -->
