<?xml version="1.0" encoding="UTF-8"?>
<!-- Generated by org.testng.reporters.JUnitReportReporter -->
<testsuite hostname="Kishlay" name="mobileWeb.Mobile_HousejoyCarpentryPageTest" tests="5" failures="0" timestamp="18 Nov 2015 11:17:12 GMT" time="89.134" errors="0">
  <testcase name="testHousejoyCarpentryBookPage" time="50.129" classname="mobileWeb.Mobile_HousejoyCarpentryPageTest"/>
  <testcase name="testVerifyHousejoyCarpentryThankUPageData" time="9.710" classname="mobileWeb.Mobile_HousejoyCarpentryPageTest"/>
  <testcase name="testHousejoySemTrackingTable" time="3.898" classname="mobileWeb.Mobile_HousejoyCarpentryPageTest"/>
  <testcase name="testLeadMasterTableValidation" time="1.938" classname="mobileWeb.Mobile_HousejoyCarpentryPageTest"/>
  <testcase name="testHousejoyCarpentryLandingPage" time="23.459" classname="mobileWeb.Mobile_HousejoyCarpentryPageTest"/>
</testsuite> <!-- mobileWeb.Mobile_HousejoyCarpentryPageTest -->
