<?xml version="1.0" encoding="UTF-8"?>
<!-- Generated by org.testng.reporters.JUnitReportReporter -->
<testsuite hostname="Kishlay" name="testNG.HousejoyComputerRepairPageTest" tests="5" failures="0" timestamp="18 Nov 2015 11:41:35 GMT" time="51.943" errors="0">
  <testcase name="testComputerRepairLandingPage" time="8.567" classname="testNG.HousejoyComputerRepairPageTest"/>
  <testcase name="testHousejoyPlumbingSemTrackingTable" time="4.509" classname="testNG.HousejoyComputerRepairPageTest"/>
  <testcase name="testLeadMasterTableValidation" time="30.780" classname="testNG.HousejoyComputerRepairPageTest"/>
  <testcase name="testComputerRepairBookingPage" time="5.941" classname="testNG.HousejoyComputerRepairPageTest"/>
  <testcase name="testVerifyComputerReairThankUPageData" time="2.146" classname="testNG.HousejoyComputerRepairPageTest"/>
</testsuite> <!-- testNG.HousejoyComputerRepairPageTest -->
