<?xml version="1.0" encoding="UTF-8"?>
<!-- Generated by org.testng.reporters.JUnitReportReporter -->
<testsuite hostname="Kishlay" name="testNG.HousejoyMobileRepairPageTest" tests="5" failures="0" timestamp="18 Nov 2015 15:16:38 GMT" time="26.153" errors="0">
  <testcase name="testHousejoyPlumbingSemTrackingTable" time="8.917" classname="testNG.HousejoyMobileRepairPageTest"/>
  <testcase name="testMobileRepairBookingPage" time="5.236" classname="testNG.HousejoyMobileRepairPageTest"/>
  <testcase name="testVerifyComputerReairThankUPageData" time="1.511" classname="testNG.HousejoyMobileRepairPageTest"/>
  <testcase name="testMobileRepairLandingPage" time="7.985" classname="testNG.HousejoyMobileRepairPageTest"/>
  <testcase name="testLeadMasterTableValidation" time="2.504" classname="testNG.HousejoyMobileRepairPageTest"/>
</testsuite> <!-- testNG.HousejoyMobileRepairPageTest -->
