<?xml version="1.0" encoding="UTF-8"?>
<!-- Generated by org.testng.reporters.JUnitReportReporter -->
<testsuite hostname="Kishlay" name="testNG.HousejoyBeautyPageTest" tests="5" failures="0" timestamp="18 Nov 2015 09:19:40 GMT" time="24.970" errors="0">
  <testcase name="testLeadMasterTableValidation" time="2.433" classname="testNG.HousejoyBeautyPageTest"/>
  <testcase name="testHousejoyBeautyBookPage" time="6.795" classname="testNG.HousejoyBeautyPageTest"/>
  <testcase name="testVerifyHousejoyBeautyThankUPageData" time="1.893" classname="testNG.HousejoyBeautyPageTest"/>
  <testcase name="testHousejoyBeautySemTrackingTable" time="4.011" classname="testNG.HousejoyBeautyPageTest"/>
  <testcase name="testHousejoyBeautyLandingPage" time="9.838" classname="testNG.HousejoyBeautyPageTest"/>
</testsuite> <!-- testNG.HousejoyBeautyPageTest -->
