<?xml version="1.0" encoding="UTF-8"?>
<!-- Generated by org.testng.reporters.JUnitReportReporter -->
<testsuite hostname="Kishlay" name="testNG.HousejoyBeautyPageTest_1" tests="5" failures="0" timestamp="18 Nov 2015 08:07:43 GMT" time="30.695" errors="0">
  <testcase name="testHousejoyBeautySemTrackingTable" time="10.622" classname="testNG.HousejoyBeautyPageTest_1"/>
  <testcase name="testHousejoyBeautyBookPage" time="5.311" classname="testNG.HousejoyBeautyPageTest_1"/>
  <testcase name="testHousejoyBeautyLandingPage" time="10.402" classname="testNG.HousejoyBeautyPageTest_1"/>
  <testcase name="testVerifyHousejoyBeautyThankUPageData" time="1.647" classname="testNG.HousejoyBeautyPageTest_1"/>
  <testcase name="testLeadMasterTableValidation" time="2.713" classname="testNG.HousejoyBeautyPageTest_1"/>
</testsuite> <!-- testNG.HousejoyBeautyPageTest_1 -->
