<?xml version="1.0" encoding="UTF-8"?>
<!-- Generated by org.testng.reporters.JUnitReportReporter -->
<testsuite hostname="Kishlay" name="testNG.HousejoyHomeCleaningPageTest_1" tests="5" failures="0" timestamp="20 Nov 2015 12:12:18 GMT" time="28.540" errors="0">
  <testcase name="testVerifyHousejoyHomeCleaningThankUPageData" time="2.048" classname="testNG.HousejoyHomeCleaningPageTest_1"/>
  <testcase name="testHousejoyHomeCleaningBookPage" time="5.602" classname="testNG.HousejoyHomeCleaningPageTest_1"/>
  <testcase name="testLeadMasterTableValidation" time="3.489" classname="testNG.HousejoyHomeCleaningPageTest_1"/>
  <testcase name="testHousejoySemTrackingTable" time="9.780" classname="testNG.HousejoyHomeCleaningPageTest_1"/>
  <testcase name="testHousejoyHomeCleaningLandingPage" time="7.621" classname="testNG.HousejoyHomeCleaningPageTest_1"/>
</testsuite> <!-- testNG.HousejoyHomeCleaningPageTest_1 -->
