<?xml version="1.0" encoding="UTF-8"?>
<!-- Generated by org.testng.reporters.JUnitReportReporter -->
<testsuite hostname="Kishlay" name="testNG.HousejoyFitnessPageTest_4" tests="5" failures="0" timestamp="18 Nov 2015 12:55:13 GMT" time="29.823" errors="0">
  <testcase name="testHousejoyFitnessLandingPage" time="8.457" classname="testNG.HousejoyFitnessPageTest_4"/>
  <testcase name="testHousejoySemTrackingTable" time="12.547" classname="testNG.HousejoyFitnessPageTest_4"/>
  <testcase name="testLeadMasterTableValidation" time="2.826" classname="testNG.HousejoyFitnessPageTest_4"/>
  <testcase name="testHousejoyFitnessBookPage" time="4.299" classname="testNG.HousejoyFitnessPageTest_4"/>
  <testcase name="testVerifyHousejoyFitnessThankUPageData" time="1.694" classname="testNG.HousejoyFitnessPageTest_4"/>
</testsuite> <!-- testNG.HousejoyFitnessPageTest_4 -->
