<?xml version="1.0" encoding="UTF-8"?>
<!-- Generated by org.testng.reporters.JUnitReportReporter -->
<testsuite hostname="Kishlay" name="mobileWeb.Mobile_HousejoyMobileRepairPageTest_1" tests="5" failures="0" timestamp="18 Nov 2015 14:33:35 GMT" time="54.053" errors="0">
  <testcase name="testMobileRepairBookingPage" time="20.247" classname="mobileWeb.Mobile_HousejoyMobileRepairPageTest_1"/>
  <testcase name="testHousejoyPlumbingSemTrackingTable" time="9.095" classname="mobileWeb.Mobile_HousejoyMobileRepairPageTest_1"/>
  <testcase name="testLeadMasterTableValidation" time="3.624" classname="mobileWeb.Mobile_HousejoyMobileRepairPageTest_1"/>
  <testcase name="testMobileRepairLandingPage" time="17.041" classname="mobileWeb.Mobile_HousejoyMobileRepairPageTest_1"/>
  <testcase name="testVerifyComputerReairThankUPageData" time="4.046" classname="mobileWeb.Mobile_HousejoyMobileRepairPageTest_1"/>
</testsuite> <!-- mobileWeb.Mobile_HousejoyMobileRepairPageTest_1 -->
