<?xml version="1.0" encoding="UTF-8"?>
<!-- Generated by org.testng.reporters.JUnitReportReporter -->
<testsuite hostname="Kishlay" name="mobileWeb.Mobile_HousejoyFitnessPageTest_1" tests="5" failures="0" timestamp="18 Nov 2015 13:52:56 GMT" time="94.852" errors="0">
  <testcase name="testHousejoySemTrackingTable" time="8.978" classname="mobileWeb.Mobile_HousejoyFitnessPageTest_1"/>
  <testcase name="testHousejoyFitnessLandingPage" time="14.907" classname="mobileWeb.Mobile_HousejoyFitnessPageTest_1"/>
  <testcase name="testLeadMasterTableValidation" time="22.605" classname="mobileWeb.Mobile_HousejoyFitnessPageTest_1"/>
  <testcase name="testHousejoyFitnessBookPage" time="43.774" classname="mobileWeb.Mobile_HousejoyFitnessPageTest_1"/>
  <testcase name="testVerifyHousejoyFitnessThankUPageData" time="4.588" classname="mobileWeb.Mobile_HousejoyFitnessPageTest_1"/>
</testsuite> <!-- mobileWeb.Mobile_HousejoyFitnessPageTest_1 -->
