<?xml version="1.0" encoding="UTF-8"?>
<!-- Generated by org.testng.reporters.JUnitReportReporter -->
<testsuite hostname="Kishlay" name="mobileWeb.Mobile_HousejoyAppliancesPageTest_1" tests="5" failures="0" timestamp="18 Nov 2015 10:22:52 GMT" time="73.696" errors="0">
  <testcase name="testLeadMasterTableValidation" time="5.982" classname="mobileWeb.Mobile_HousejoyAppliancesPageTest_1"/>
  <testcase name="testApplianceBookingPage" time="25.820" classname="mobileWeb.Mobile_HousejoyAppliancesPageTest_1"/>
  <testcase name="testVerifyApplianceThankUPageData" time="5.196" classname="mobileWeb.Mobile_HousejoyAppliancesPageTest_1"/>
  <testcase name="testApplianceLandingPage" time="32.451" classname="mobileWeb.Mobile_HousejoyAppliancesPageTest_1"/>
  <testcase name="testHousejoySemTrackingTable" time="4.247" classname="mobileWeb.Mobile_HousejoyAppliancesPageTest_1"/>
</testsuite> <!-- mobileWeb.Mobile_HousejoyAppliancesPageTest_1 -->
