<?xml version="1.0" encoding="UTF-8"?>
<!-- Generated by org.testng.reporters.JUnitReportReporter -->
<testsuite hostname="Kishlay" name="mobileWeb.Mobile_HousejoyPlumbingPageTest_7" tests="5" failures="0" timestamp="20 Nov 2015 07:51:31 GMT" time="62.597" errors="0">
  <testcase name="testHousejoyPlumbingPage" time="17.468" classname="mobileWeb.Mobile_HousejoyPlumbingPageTest_7"/>
  <testcase name="testHousejoyPlumbingSemTrackingTable" time="16.290" classname="mobileWeb.Mobile_HousejoyPlumbingPageTest_7"/>
  <testcase name="testHousejoyPlumbingBookPage" time="18.241" classname="mobileWeb.Mobile_HousejoyPlumbingPageTest_7"/>
  <testcase name="testVerifyHousejoyPlumbingThankUPageData" time="6.239" classname="mobileWeb.Mobile_HousejoyPlumbingPageTest_7"/>
  <testcase name="testLeadMasterTableValidation" time="4.359" classname="mobileWeb.Mobile_HousejoyPlumbingPageTest_7"/>
</testsuite> <!-- mobileWeb.Mobile_HousejoyPlumbingPageTest_7 -->
