<?xml version="1.0" encoding="UTF-8"?>
<!-- Generated by org.testng.reporters.JUnitReportReporter -->
<testsuite hostname="Kishlay" name="testNG.HousejoyComputerRepairPageTest_laptopRepair" tests="5" failures="0" timestamp="18 Nov 2015 11:39:54 GMT" time="22.568" errors="0">
  <testcase name="testComputerRepairLandingPage" time="8.199" classname="testNG.HousejoyComputerRepairPageTest_laptopRepair"/>
  <testcase name="testHousejoyPlumbingSemTrackingTable" time="3.856" classname="testNG.HousejoyComputerRepairPageTest_laptopRepair"/>
  <testcase name="testVerifyComputerReairThankUPageData" time="2.054" classname="testNG.HousejoyComputerRepairPageTest_laptopRepair"/>
  <testcase name="testLeadMasterTableValidation" time="2.608" classname="testNG.HousejoyComputerRepairPageTest_laptopRepair"/>
  <testcase name="testComputerRepairBookingPage" time="5.851" classname="testNG.HousejoyComputerRepairPageTest_laptopRepair"/>
</testsuite> <!-- testNG.HousejoyComputerRepairPageTest_laptopRepair -->
