<?xml version="1.0" encoding="UTF-8"?>
<!-- Generated by org.testng.reporters.JUnitReportReporter -->
<testsuite hostname="Kishlay" name="mobileWeb.Mobile_HousejoyBeautyPageTest_13" tests="5" failures="0" timestamp="18 Nov 2015 09:51:06 GMT" time="81.606" errors="0">
  <testcase name="testHousejoyBeautySemTrackingTable" time="3.633" classname="mobileWeb.Mobile_HousejoyBeautyPageTest_13"/>
  <testcase name="testHousejoyBeautyBookPage" time="30.095" classname="mobileWeb.Mobile_HousejoyBeautyPageTest_13"/>
  <testcase name="testVerifyHousejoyBeautyThankUPageData" time="23.965" classname="mobileWeb.Mobile_HousejoyBeautyPageTest_13"/>
  <testcase name="testHousejoyBeautyLandingPage" time="20.012" classname="mobileWeb.Mobile_HousejoyBeautyPageTest_13"/>
  <testcase name="testLeadMasterTableValidation" time="3.901" classname="mobileWeb.Mobile_HousejoyBeautyPageTest_13"/>
</testsuite> <!-- mobileWeb.Mobile_HousejoyBeautyPageTest_13 -->
