<?xml version="1.0" encoding="UTF-8"?>
<!-- Generated by org.testng.reporters.JUnitReportReporter -->
<testsuite hostname="Kishlay" name="mobileWeb.Mobile_HousejoyElectricalPageTest" tests="5" failures="0" timestamp="18 Nov 2015 13:20:04 GMT" time="63.455" errors="0">
  <testcase name="testHousejoyElectricalLandingPage" time="17.456" classname="mobileWeb.Mobile_HousejoyElectricalPageTest"/>
  <testcase name="testHousejoySemTrackingTable" time="8.927" classname="mobileWeb.Mobile_HousejoyElectricalPageTest"/>
  <testcase name="testLeadMasterTableValidation" time="3.707" classname="mobileWeb.Mobile_HousejoyElectricalPageTest"/>
  <testcase name="testHousejoyElectricalBookPage" time="29.000" classname="mobileWeb.Mobile_HousejoyElectricalPageTest"/>
  <testcase name="testVerifyHousejoyElectricalThankUPageData" time="4.365" classname="mobileWeb.Mobile_HousejoyElectricalPageTest"/>
</testsuite> <!-- mobileWeb.Mobile_HousejoyElectricalPageTest -->
