<?xml version="1.0" encoding="UTF-8"?>
<!-- Generated by org.testng.reporters.JUnitReportReporter -->
<testsuite hostname="Kishlay" name="testNG.HousejoyPestControlPageTest" tests="5" failures="0" timestamp="18 Nov 2015 12:16:59 GMT" time="32.476" errors="0">
  <testcase name="testHousejoySemTrackingTable" time="4.767" classname="testNG.HousejoyPestControlPageTest"/>
  <testcase name="testHousejoyPestControlBookPage" time="10.933" classname="testNG.HousejoyPestControlPageTest"/>
  <testcase name="testVerifyHousejoyPestControlThankUPageData" time="3.737" classname="testNG.HousejoyPestControlPageTest"/>
  <testcase name="testLeadMasterTableValidation" time="1.995" classname="testNG.HousejoyPestControlPageTest"/>
  <testcase name="testHousejoyPestControlLandingPage" time="11.044" classname="testNG.HousejoyPestControlPageTest"/>
</testsuite> <!-- testNG.HousejoyPestControlPageTest -->
