<?xml version="1.0" encoding="UTF-8"?>
<!-- Generated by org.testng.reporters.JUnitReportReporter -->
<testsuite hostname="Kishlay" name="mobileWeb.Mobile_HousejoyAppliancesPageTest_acRepair" tests="5" failures="0" timestamp="18 Nov 2015 10:22:52 GMT" time="62.996" errors="0">
  <testcase name="testApplianceLandingPage" time="13.703" classname="mobileWeb.Mobile_HousejoyAppliancesPageTest_acRepair"/>
  <testcase name="testLeadMasterTableValidation" time="6.285" classname="mobileWeb.Mobile_HousejoyAppliancesPageTest_acRepair"/>
  <testcase name="testHousejoySemTrackingTable" time="3.692" classname="mobileWeb.Mobile_HousejoyAppliancesPageTest_acRepair"/>
  <testcase name="testApplianceBookingPage" time="32.446" classname="mobileWeb.Mobile_HousejoyAppliancesPageTest_acRepair"/>
  <testcase name="testVerifyApplianceThankUPageData" time="6.870" classname="mobileWeb.Mobile_HousejoyAppliancesPageTest_acRepair"/>
</testsuite> <!-- mobileWeb.Mobile_HousejoyAppliancesPageTest_acRepair -->
