<?xml version="1.0" encoding="UTF-8"?>
<!-- Generated by org.testng.reporters.JUnitReportReporter -->
<testsuite hostname="Kishlay" name="mobileWeb.Mobile_HousejoyComputerRepairPageTest_laptopRepair" tests="5" failures="0" timestamp="18 Nov 2015 13:08:34 GMT" time="48.499" errors="0">
  <testcase name="testHousejoyPlumbingSemTrackingTable" time="8.867" classname="mobileWeb.Mobile_HousejoyComputerRepairPageTest_laptopRepair"/>
  <testcase name="testLeadMasterTableValidation" time="4.426" classname="mobileWeb.Mobile_HousejoyComputerRepairPageTest_laptopRepair"/>
  <testcase name="testVerifyComputerReairThankUPageData" time="4.538" classname="mobileWeb.Mobile_HousejoyComputerRepairPageTest_laptopRepair"/>
  <testcase name="testComputerRepairLandingPage" time="15.043" classname="mobileWeb.Mobile_HousejoyComputerRepairPageTest_laptopRepair"/>
  <testcase name="testComputerRepairBookingPage" time="15.625" classname="mobileWeb.Mobile_HousejoyComputerRepairPageTest_laptopRepair"/>
</testsuite> <!-- mobileWeb.Mobile_HousejoyComputerRepairPageTest_laptopRepair -->
