<?xml version="1.0" encoding="UTF-8"?>
<!-- Generated by org.testng.reporters.JUnitReportReporter -->
<testsuite hostname="Kishlay" name="testNG.HousejoyMobileRepairPageTest_1" tests="5" failures="0" timestamp="20 Nov 2015 11:35:30 GMT" time="37.692" errors="0">
  <testcase name="testMobileRepairLandingPage" time="8.637" classname="testNG.HousejoyMobileRepairPageTest_1"/>
  <testcase name="testHousejoyPlumbingSemTrackingTable" time="15.254" classname="testNG.HousejoyMobileRepairPageTest_1"/>
  <testcase name="testVerifyComputerReairThankUPageData" time="2.487" classname="testNG.HousejoyMobileRepairPageTest_1"/>
  <testcase name="testLeadMasterTableValidation" time="4.592" classname="testNG.HousejoyMobileRepairPageTest_1"/>
  <testcase name="testMobileRepairBookingPage" time="6.722" classname="testNG.HousejoyMobileRepairPageTest_1"/>
</testsuite> <!-- testNG.HousejoyMobileRepairPageTest_1 -->
