<?xml version="1.0" encoding="UTF-8"?>
<!-- Generated by org.testng.reporters.JUnitReportReporter -->
<testsuite hostname="Kishlay" name="testNG.HousejoyBeautyPageTest_10" tests="5" failures="0" timestamp="18 Nov 2015 09:06:13 GMT" time="37.756" errors="0">
  <testcase name="testHousejoyBeautyLandingPage" time="12.466" classname="testNG.HousejoyBeautyPageTest_10"/>
  <testcase name="testHousejoyBeautyBookPage" time="6.405" classname="testNG.HousejoyBeautyPageTest_10"/>
  <testcase name="testLeadMasterTableValidation" time="3.786" classname="testNG.HousejoyBeautyPageTest_10"/>
  <testcase name="testHousejoyBeautySemTrackingTable" time="13.384" classname="testNG.HousejoyBeautyPageTest_10"/>
  <testcase name="testVerifyHousejoyBeautyThankUPageData" time="1.715" classname="testNG.HousejoyBeautyPageTest_10"/>
</testsuite> <!-- testNG.HousejoyBeautyPageTest_10 -->
