<?xml version="1.0" encoding="UTF-8"?>
<!-- Generated by org.testng.reporters.JUnitReportReporter -->
<testsuite hostname="Kishlay" name="testNG.HousejoyBeautyPageTest_17" tests="5" failures="0" timestamp="18 Nov 2015 09:14:10 GMT" time="26.643" errors="0">
  <testcase name="testHousejoyBeautyBookPage" time="6.682" classname="testNG.HousejoyBeautyPageTest_17"/>
  <testcase name="testVerifyHousejoyBeautyThankUPageData" time="1.883" classname="testNG.HousejoyBeautyPageTest_17"/>
  <testcase name="testLeadMasterTableValidation" time="1.986" classname="testNG.HousejoyBeautyPageTest_17"/>
  <testcase name="testHousejoyBeautySemTrackingTable" time="3.965" classname="testNG.HousejoyBeautyPageTest_17"/>
  <testcase name="testHousejoyBeautyLandingPage" time="12.127" classname="testNG.HousejoyBeautyPageTest_17"/>
</testsuite> <!-- testNG.HousejoyBeautyPageTest_17 -->
