<?xml version="1.0" encoding="UTF-8"?>
<!-- Generated by org.testng.reporters.JUnitReportReporter -->
<testsuite hostname="Kishlay" name="testNG.HousejoyServiceLaptopRepairPageTest" tests="5" failures="0" timestamp="18 Nov 2015 11:42:57 GMT" time="23.703" errors="0">
  <testcase name="testComputerRepairBookingPage" time="5.530" classname="testNG.HousejoyServiceLaptopRepairPageTest"/>
  <testcase name="testHousejoyPlumbingSemTrackingTable" time="4.165" classname="testNG.HousejoyServiceLaptopRepairPageTest"/>
  <testcase name="testComputerRepairLandingPage" time="9.782" classname="testNG.HousejoyServiceLaptopRepairPageTest"/>
  <testcase name="testLeadMasterTableValidation" time="1.999" classname="testNG.HousejoyServiceLaptopRepairPageTest"/>
  <testcase name="testVerifyComputerReairThankUPageData" time="2.227" classname="testNG.HousejoyServiceLaptopRepairPageTest"/>
</testsuite> <!-- testNG.HousejoyServiceLaptopRepairPageTest -->
