<?xml version="1.0" encoding="UTF-8"?>
<!-- Generated by org.testng.reporters.JUnitReportReporter -->
<testsuite hostname="Kishlay" name="mobileWeb.Mobile_HousejoyFitnessPageTest" tests="5" failures="0" timestamp="18 Nov 2015 14:05:09 GMT" time="53.017" errors="0">
  <testcase name="testLeadMasterTableValidation" time="4.201" classname="mobileWeb.Mobile_HousejoyFitnessPageTest"/>
  <testcase name="testHousejoyFitnessBookPage" time="17.770" classname="mobileWeb.Mobile_HousejoyFitnessPageTest"/>
  <testcase name="testHousejoyFitnessLandingPage" time="15.709" classname="mobileWeb.Mobile_HousejoyFitnessPageTest"/>
  <testcase name="testHousejoySemTrackingTable" time="9.129" classname="mobileWeb.Mobile_HousejoyFitnessPageTest"/>
  <testcase name="testVerifyHousejoyFitnessThankUPageData" time="6.208" classname="mobileWeb.Mobile_HousejoyFitnessPageTest"/>
</testsuite> <!-- mobileWeb.Mobile_HousejoyFitnessPageTest -->
