<?xml version="1.0" encoding="UTF-8"?>
<!-- Generated by org.testng.reporters.JUnitReportReporter -->
<testsuite hostname="Kishlay" name="mobileWeb.Mobile_HousejoyMobileRepairPageTest" tests="5" failures="0" timestamp="20 Nov 2015 07:14:47 GMT" time="63.038" errors="0">
  <testcase name="testMobileRepairBookingPage" time="19.695" classname="mobileWeb.Mobile_HousejoyMobileRepairPageTest"/>
  <testcase name="testHousejoyPlumbingSemTrackingTable" time="14.712" classname="mobileWeb.Mobile_HousejoyMobileRepairPageTest"/>
  <testcase name="testLeadMasterTableValidation" time="4.215" classname="mobileWeb.Mobile_HousejoyMobileRepairPageTest"/>
  <testcase name="testMobileRepairLandingPage" time="20.120" classname="mobileWeb.Mobile_HousejoyMobileRepairPageTest"/>
  <testcase name="testVerifyComputerReairThankUPageData" time="4.296" classname="mobileWeb.Mobile_HousejoyMobileRepairPageTest"/>
</testsuite> <!-- mobileWeb.Mobile_HousejoyMobileRepairPageTest -->
