<?xml version="1.0" encoding="UTF-8"?>
<!-- Generated by org.testng.reporters.JUnitReportReporter -->
<testsuite hostname="Kishlay" name="testNG.HousejoyHomeCleaningPageTest" tests="5" failures="0" timestamp="18 Nov 2015 12:00:37 GMT" time="22.152" errors="0">
  <testcase name="testVerifyHousejoyHomeCleaningThankUPageData" time="2.170" classname="testNG.HousejoyHomeCleaningPageTest"/>
  <testcase name="testHousejoyHomeCleaningBookPage" time="5.546" classname="testNG.HousejoyHomeCleaningPageTest"/>
  <testcase name="testHousejoySemTrackingTable" time="4.222" classname="testNG.HousejoyHomeCleaningPageTest"/>
  <testcase name="testHousejoyHomeCleaningLandingPage" time="7.961" classname="testNG.HousejoyHomeCleaningPageTest"/>
  <testcase name="testLeadMasterTableValidation" time="2.253" classname="testNG.HousejoyHomeCleaningPageTest"/>
</testsuite> <!-- testNG.HousejoyHomeCleaningPageTest -->
