<?xml version="1.0" encoding="UTF-8"?>
<!-- Generated by org.testng.reporters.JUnitReportReporter -->
<testsuite hostname="Kishlay" name="testNG.HousejoyLaundryPageTest_2" tests="5" failures="0" timestamp="18 Nov 2015 12:12:30 GMT" time="22.398" errors="0">
  <testcase name="testHousejoyLaundryLandingPage" time="8.904" classname="testNG.HousejoyLaundryPageTest_2"/>
  <testcase name="testHousejoySemTrackingTable" time="3.743" classname="testNG.HousejoyLaundryPageTest_2"/>
  <testcase name="testLeadMasterTableValidation" time="2.313" classname="testNG.HousejoyLaundryPageTest_2"/>
  <testcase name="testVerifyHousejoyLaundryThankUPageData" time="1.831" classname="testNG.HousejoyLaundryPageTest_2"/>
  <testcase name="testHousejoyLaundryBookPage" time="5.607" classname="testNG.HousejoyLaundryPageTest_2"/>
</testsuite> <!-- testNG.HousejoyLaundryPageTest_2 -->
