<?xml version="1.0" encoding="UTF-8"?>
<!-- Generated by org.testng.reporters.JUnitReportReporter -->
<testsuite hostname="Kishlay" name="mobileWeb.Mobile_HousejoyBeautyPageTest_10" tests="5" failures="0" timestamp="18 Nov 2015 09:47:19 GMT" time="58.977" errors="0">
  <testcase name="testLeadMasterTableValidation" time="4.291" classname="mobileWeb.Mobile_HousejoyBeautyPageTest_10"/>
  <testcase name="testHousejoyBeautyBookPage" time="22.455" classname="mobileWeb.Mobile_HousejoyBeautyPageTest_10"/>
  <testcase name="testHousejoyBeautySemTrackingTable" time="3.769" classname="mobileWeb.Mobile_HousejoyBeautyPageTest_10"/>
  <testcase name="testHousejoyBeautyLandingPage" time="23.507" classname="mobileWeb.Mobile_HousejoyBeautyPageTest_10"/>
  <testcase name="testVerifyHousejoyBeautyThankUPageData" time="4.955" classname="mobileWeb.Mobile_HousejoyBeautyPageTest_10"/>
</testsuite> <!-- mobileWeb.Mobile_HousejoyBeautyPageTest_10 -->
