<?xml version="1.0" encoding="UTF-8"?>
<!-- Generated by org.testng.reporters.JUnitReportReporter -->
<testsuite hostname="Kishlay" name="testNG.HousejoyBeautyPageTest_9" tests="5" failures="0" timestamp="18 Nov 2015 09:18:19 GMT" time="32.567" errors="0">
  <testcase name="testHousejoyBeautyLandingPage" time="17.237" classname="testNG.HousejoyBeautyPageTest_9"/>
  <testcase name="testVerifyHousejoyBeautyThankUPageData" time="2.196" classname="testNG.HousejoyBeautyPageTest_9"/>
  <testcase name="testHousejoyBeautyBookPage" time="6.199" classname="testNG.HousejoyBeautyPageTest_9"/>
  <testcase name="testLeadMasterTableValidation" time="3.023" classname="testNG.HousejoyBeautyPageTest_9"/>
  <testcase name="testHousejoyBeautySemTrackingTable" time="3.912" classname="testNG.HousejoyBeautyPageTest_9"/>
</testsuite> <!-- testNG.HousejoyBeautyPageTest_9 -->
