<?xml version="1.0" encoding="UTF-8"?>
<!-- Generated by org.testng.reporters.JUnitReportReporter -->
<testsuite hostname="Kishlay" name="mobileWeb.Mobile_HousejoyLaundryPageTest_2" tests="5" failures="0" timestamp="18 Nov 2015 14:29:20 GMT" time="78.763" errors="0">
  <testcase name="testHousejoySemTrackingTable" time="8.724" classname="mobileWeb.Mobile_HousejoyLaundryPageTest_2"/>
  <testcase name="testLeadMasterTableValidation" time="23.331" classname="mobileWeb.Mobile_HousejoyLaundryPageTest_2"/>
  <testcase name="testVerifyHousejoyLaundryThankUPageData" time="4.999" classname="mobileWeb.Mobile_HousejoyLaundryPageTest_2"/>
  <testcase name="testHousejoyLaundryBookPage" time="13.999" classname="mobileWeb.Mobile_HousejoyLaundryPageTest_2"/>
  <testcase name="testHousejoyLaundryLandingPage" time="27.710" classname="mobileWeb.Mobile_HousejoyLaundryPageTest_2"/>
</testsuite> <!-- mobileWeb.Mobile_HousejoyLaundryPageTest_2 -->
