<?xml version="1.0" encoding="UTF-8"?>
<!-- Generated by org.testng.reporters.JUnitReportReporter -->
<testsuite hostname="Kishlay" name="mobileWeb.Mobile_HousejoyHomeCleaningPageTest_1" tests="5" failures="0" timestamp="18 Nov 2015 14:13:10 GMT" time="53.820" errors="0">
  <testcase name="testVerifyHousejoyHomeCleaningThankUPageData" time="4.043" classname="mobileWeb.Mobile_HousejoyHomeCleaningPageTest_1"/>
  <testcase name="testLeadMasterTableValidation" time="3.480" classname="mobileWeb.Mobile_HousejoyHomeCleaningPageTest_1"/>
  <testcase name="testHousejoySemTrackingTable" time="8.801" classname="mobileWeb.Mobile_HousejoyHomeCleaningPageTest_1"/>
  <testcase name="testHousejoyHomeCleaningLandingPage" time="19.485" classname="mobileWeb.Mobile_HousejoyHomeCleaningPageTest_1"/>
  <testcase name="testHousejoyHomeCleaningBookPage" time="18.011" classname="mobileWeb.Mobile_HousejoyHomeCleaningPageTest_1"/>
</testsuite> <!-- mobileWeb.Mobile_HousejoyHomeCleaningPageTest_1 -->
