<?xml version="1.0" encoding="UTF-8"?>
<!-- Generated by org.testng.reporters.JUnitReportReporter -->
<testsuite hostname="Kishlay" name="testNG.HousejoyComputerRepairPageTest_laptopRepair_1" tests="5" failures="0" timestamp="20 Nov 2015 11:33:22 GMT" time="30.452" errors="0">
  <testcase name="testComputerRepairBookingPage" time="5.676" classname="testNG.HousejoyComputerRepairPageTest_laptopRepair_1"/>
  <testcase name="testLeadMasterTableValidation" time="3.987" classname="testNG.HousejoyComputerRepairPageTest_laptopRepair_1"/>
  <testcase name="testComputerRepairLandingPage" time="9.348" classname="testNG.HousejoyComputerRepairPageTest_laptopRepair_1"/>
  <testcase name="testHousejoyPlumbingSemTrackingTable" time="9.646" classname="testNG.HousejoyComputerRepairPageTest_laptopRepair_1"/>
  <testcase name="testVerifyComputerReairThankUPageData" time="1.795" classname="testNG.HousejoyComputerRepairPageTest_laptopRepair_1"/>
</testsuite> <!-- testNG.HousejoyComputerRepairPageTest_laptopRepair_1 -->
