<?xml version="1.0" encoding="UTF-8"?>
<!-- Generated by org.testng.reporters.JUnitReportReporter -->
<testsuite hostname="Kishlay" name="mobileWeb.Mobile_HousejoyBeautyPageTest_1" tests="5" failures="0" timestamp="18 Nov 2015 09:37:37 GMT" time="56.110" errors="0">
  <testcase name="testHousejoyBeautyLandingPage" time="19.232" classname="mobileWeb.Mobile_HousejoyBeautyPageTest_1"/>
  <testcase name="testHousejoyBeautySemTrackingTable" time="4.138" classname="mobileWeb.Mobile_HousejoyBeautyPageTest_1"/>
  <testcase name="testVerifyHousejoyBeautyThankUPageData" time="4.535" classname="mobileWeb.Mobile_HousejoyBeautyPageTest_1"/>
  <testcase name="testHousejoyBeautyBookPage" time="23.624" classname="mobileWeb.Mobile_HousejoyBeautyPageTest_1"/>
  <testcase name="testLeadMasterTableValidation" time="4.581" classname="mobileWeb.Mobile_HousejoyBeautyPageTest_1"/>
</testsuite> <!-- mobileWeb.Mobile_HousejoyBeautyPageTest_1 -->
