<?xml version="1.0" encoding="UTF-8"?>
<!-- Generated by org.testng.reporters.JUnitReportReporter -->
<testsuite hostname="Kishlay" name="testNG.HousejoyAppliancesPageTest_1" tests="5" failures="0" timestamp="18 Nov 2015 06:37:28 GMT" time="35.372" errors="0">
  <testcase name="testApplianceBookingPage" time="8.761" classname="testNG.HousejoyAppliancesPageTest_1"/>
  <testcase name="testHousejoySemTrackingTable" time="13.342" classname="testNG.HousejoyAppliancesPageTest_1"/>
  <testcase name="testApplianceLandingPage" time="8.276" classname="testNG.HousejoyAppliancesPageTest_1"/>
  <testcase name="testVerifyApplianceThankUPageData" time="1.806" classname="testNG.HousejoyAppliancesPageTest_1"/>
  <testcase name="testLeadMasterTableValidation" time="3.187" classname="testNG.HousejoyAppliancesPageTest_1"/>
</testsuite> <!-- testNG.HousejoyAppliancesPageTest_1 -->
